<?xml version="1.0" encoding="UTF-8"?>
<!-- Generated by org.testng.reporters.JUnitXMLReporter -->
<testsuite ignored="3" hostname="DESKTOP-7O6VRUV" failures="0" tests="1" name="Chrome2 tests" time="24.014" errors="0" timestamp="2023-05-20T02:37:14 EET">
  <testcase classname="Tests.RegisterTests" name="alreadyRegisteredEmail" time="8.781"/>
  <testcase classname="Tests.RegisterTests" name="enterShortPassword" time="0.0">
    <ignored/>
  </testcase> <!-- enterShortPassword -->
  <testcase classname="Tests.RegisterTests" name="testValidRegistration" time="0.0">
    <ignored/>
  </testcase> <!-- testValidRegistration -->
  <testcase classname="Tests.RegisterTests" name="enterDataWithoutPolicyAgreement" time="0.0">
    <ignored/>
  </testcase> <!-- enterDataWithoutPolicyAgreement -->
</testsuite> <!-- Chrome2 tests -->
